<?xml version="1.0" encoding="UTF-8"?>
<!-- Generated by org.testng.reporters.JUnitReportReporter -->
<testsuite hostname="NAZRUL" failures="0" tests="1" name="com.testng.practice.PracticeTestngAnotations" time="0.005" errors="0" timestamp="2023-11-03T21:35:44 EDT" skipped="0">
  <testcase classname="com.testng.practice.PracticeTestngAnotations" name="test" time="0.005"/>
</testsuite> <!-- com.testng.practice.PracticeTestngAnotations -->
