<?xml version="1.0" encoding="UTF-8"?>
<!-- Generated by org.testng.reporters.JUnitReportReporter -->
<testsuite hostname="NAZRUL" failures="0" tests="9" name="com.testng.practice.PracticeTestngMathods" time="0.012" errors="0" timestamp="2023-11-03T21:44:28 EDT" skipped="1">
  <testcase classname="com.testng.practice.PracticeTestngMathods" name="login" time="0.000"/>
  <testcase classname="com.testng.practice.PracticeTestngMathods" name="login" time="0.000"/>
  <testcase classname="com.testng.practice.PracticeTestngMathods" name="login" time="0.001"/>
  <testcase classname="com.testng.practice.PracticeTestngMathods" name="login" time="0.008"/>
  <testcase classname="com.testng.practice.PracticeTestngMathods" name="login" time="0.001"/>
  <testcase classname="com.testng.practice.PracticeTestngMathods" name="dress" time="0.000"/>
  <testcase classname="com.testng.practice.PracticeTestngMathods" name="cart" time="0.001"/>
  <testcase classname="com.testng.practice.PracticeTestngMathods" name="placeOrder" time="0.001"/>
  <testcase classname="com.testng.practice.PracticeTestngMathods" name="payment">
    <skipped/>
  </testcase> <!-- payment -->
</testsuite> <!-- com.testng.practice.PracticeTestngMathods -->
