<?xml version="1.0" encoding="UTF-8"?>
<!-- Generated by org.testng.reporters.JUnitReportReporter -->
<testsuite hostname="NAZRUL" failures="0" tests="1" name="com.testng.practice.SecondClass" time="9.249" errors="0" timestamp="2023-11-03T20:21:57 EDT" skipped="0">
  <testcase classname="com.testng.practice.SecondClass" name="getSignIn" time="9.249"/>
</testsuite> <!-- com.testng.practice.SecondClass -->
