<?xml version="1.0" encoding="UTF-8"?>
<!-- Generated by org.testng.reporters.JUnitReportReporter -->
<testsuite hostname="NAZRUL" failures="0" tests="1" name="com.testng.practice.FirstClass" time="4.587" errors="0" timestamp="2023-11-03T20:17:34 EDT" skipped="0">
  <testcase classname="com.testng.practice.FirstClass" name="getMouseHover" time="4.587"/>
</testsuite> <!-- com.testng.practice.FirstClass -->
